2026-01-03 08:30:45,609 [INFO] Activator:176 - 


2026-01-03 08:30:45,612 [INFO] Activator:177 - !SESSION log4j initialized
2026-01-03 08:31:07,263 [INFO] LogOutputStream:77 - [STDOUT_REDIRECT] 
2026-01-03 08:31:37,641 [INFO] ApplicationProperties:184 - Using Application install path: /opt/st/stm32cubeide_1.19.0/plugins/com.st.stm32cube.common.mx_6.15.0.202507011659
2026-01-03 08:31:37,651 [INFO] DbMcusXml:78 - Set database path to: /opt/st/stm32cubeide_1.19.0/plugins/com.st.stm32cube.common.mx_6.15.0.202507011659//db//mcu/
2026-01-03 08:31:37,651 [INFO] ApiDb:274 - Set plugin database path to: /opt/st/stm32cubeide_1.19.0/plugins/com.st.stm32cube.common.mx_6.15.0.202507011659//db//plugins/boardmanager/
2026-01-03 08:31:37,651 [WARN] ApiDb:259 - Overriding images path with different value:  => /opt/st/stm32cubeide_1.19.0/plugins/com.st.stm32cube.common.mx_6.15.0.202507011659//db//plugins/mcufinder/images/
2026-01-03 08:31:37,655 [INFO] ApiDb:250 - Set database path to: /home/ovixek/.stmcufinder/plugins/mcufinder//mcu/
2026-01-03 08:31:37,656 [INFO] DbMcusAds:125 - Set database path to: /home/ovixek/.stmcufinder/plugins/mcufinder//mcu/
2026-01-03 08:31:57,490 [ERROR] ConfigurationRetriever:142 - IOException on connection: sw-center.st.com
2026-01-03 08:31:57,492 [ERROR] ConfigurationRetriever:142 - IOException on connection: sw-center.st.com
2026-01-03 08:31:57,493 [ERROR] ConfigurationRetriever:142 - IOException on connection: sw-center.st.com
2026-01-03 08:31:57,679 [INFO] CrossReferenceDbSqlite:203 - Set database path to: /home/ovixek/.stmcufinder/plugins/mcufinder//mcu/cs/
2026-01-03 08:31:57,821 [INFO] RulesReader:64 - Compatibility file has been processed (317 Rules)
2026-01-03 08:31:57,861 [INFO] DbMcusXml:78 - Set database path to: /opt/st/stm32cubeide_1.19.0/plugins/com.st.stm32cube.common.mx_6.15.0.202507011659//db//mcu/
2026-01-03 08:31:57,861 [INFO] ApiDb:274 - Set plugin database path to: /opt/st/stm32cubeide_1.19.0/plugins/com.st.stm32cube.common.mx_6.15.0.202507011659//db//plugins/boardmanager/
2026-01-03 08:31:57,861 [INFO] ApiDb:261 - Set plugin images path to: /opt/st/stm32cubeide_1.19.0/plugins/com.st.stm32cube.common.mx_6.15.0.202507011659//db//plugins/mcufinder/images/
2026-01-03 08:31:57,861 [WARN] DbFile:41 - Overriding database path with different value: /home/ovixek/.stmcufinder/plugins/mcufinder/ => /home/ovixek/.stmcufinder/plugins/mcufinder
2026-01-03 08:31:57,861 [INFO] ApiDb:250 - Set database path to: /home/ovixek/.stmcufinder/plugins/mcufinder//mcu/
2026-01-03 08:31:57,861 [WARN] DbFile:41 - Overriding database path with different value: /home/ovixek/.stmcufinder/plugins/mcufinder/ => /home/ovixek/.stmcufinder/plugins/mcufinder
2026-01-03 08:31:57,861 [INFO] DbMcusAds:125 - Set database path to: /home/ovixek/.stmcufinder/plugins/mcufinder//mcu/
2026-01-03 08:31:57,861 [WARN] DbFile:41 - Overriding database path with different value: /home/ovixek/.stmcufinder/plugins/mcufinder/ => /home/ovixek/.stmcufinder/plugins/mcufinder
2026-01-03 08:31:57,861 [WARN] DbFile:41 - Overriding database path with different value: /home/ovixek/.stmcufinder/plugins/mcufinder/ => /home/ovixek/.stmcufinder/plugins/mcufinder
2026-01-03 08:31:57,861 [INFO] CrossReferenceDbSqlite:203 - Set database path to: /home/ovixek/.stmcufinder/plugins/mcufinder//mcu/cs/
2026-01-03 08:31:57,903 [INFO] MainPanel:274 - HeapMemory: 268435456
2026-01-03 08:31:57,983 [INFO] DbMcusXml:78 - Set database path to: /opt/st/stm32cubeide_1.19.0/plugins/com.st.stm32cube.common.mx_6.15.0.202507011659//db//mcu/
2026-01-03 08:31:57,983 [INFO] ApiDb:274 - Set plugin database path to: /opt/st/stm32cubeide_1.19.0/plugins/com.st.stm32cube.common.mx_6.15.0.202507011659//db//plugins/boardmanager/
2026-01-03 08:31:57,983 [INFO] ApiDb:261 - Set plugin images path to: /opt/st/stm32cubeide_1.19.0/plugins/com.st.stm32cube.common.mx_6.15.0.202507011659//db//plugins/mcufinder/images/
2026-01-03 08:31:57,983 [WARN] DbFile:41 - Overriding database path with different value: /home/ovixek/.stmcufinder/plugins/mcufinder/ => /home/ovixek/.stmcufinder/plugins/mcufinder
2026-01-03 08:31:57,983 [INFO] ApiDb:250 - Set database path to: /home/ovixek/.stmcufinder/plugins/mcufinder//mcu/
2026-01-03 08:31:57,983 [WARN] DbFile:41 - Overriding database path with different value: /home/ovixek/.stmcufinder/plugins/mcufinder/ => /home/ovixek/.stmcufinder/plugins/mcufinder
2026-01-03 08:31:57,983 [INFO] DbMcusAds:125 - Set database path to: /home/ovixek/.stmcufinder/plugins/mcufinder//mcu/
2026-01-03 08:31:57,983 [WARN] DbFile:41 - Overriding database path with different value: /home/ovixek/.stmcufinder/plugins/mcufinder/ => /home/ovixek/.stmcufinder/plugins/mcufinder
2026-01-03 08:31:57,983 [WARN] DbFile:41 - Overriding database path with different value: /home/ovixek/.stmcufinder/plugins/mcufinder/ => /home/ovixek/.stmcufinder/plugins/mcufinder
2026-01-03 08:31:57,983 [INFO] CrossReferenceDbSqlite:203 - Set database path to: /home/ovixek/.stmcufinder/plugins/mcufinder//mcu/cs/
2026-01-03 08:31:57,992 [INFO] ApplicationProperties:184 - Using Application install path: /opt/st/stm32cubeide_1.19.0/plugins/com.st.stm32cube.common.mx_6.15.0.202507011659
2026-01-03 08:31:57,993 [INFO] PluginManage:196 - Search for loadable plugins [exclusion list=, ]
2026-01-03 08:31:57,994 [INFO] PluginManage:310 - Check plugin analytics
2026-01-03 08:32:08,101 [INFO] AnalyticsPlugin:253 - Accepted Software Licenses: 
2026-01-03 08:32:08,101 [INFO] AnalyticsPlugin:255 - Accepted CMSIS Pack Licenses: 
2026-01-03 08:32:08,101 [INFO] AnalyticsPlugin:257 - Accepted Firmware Licenses: FW.F4.1.28.0
2026-01-03 08:32:08,102 [INFO] PluginManage:359 - Loaded plugin analytics (category:tool,tabindex:-1)
2026-01-03 08:32:08,102 [INFO] PluginManage:310 - Check plugin cadmodel
2026-01-03 08:32:08,106 [INFO] CADModel:105 - Init CAD model plugin
2026-01-03 08:32:08,106 [INFO] PluginManage:359 - Loaded plugin cadmodel (category:power,tabindex:5)
2026-01-03 08:32:08,106 [INFO] PluginManage:310 - Check plugin clock
2026-01-03 08:32:08,112 [INFO] PluginManage:359 - Loaded plugin clock (category:base,tabindex:2)
2026-01-03 08:32:08,113 [INFO] PluginManage:310 - Check plugin ddr
2026-01-03 08:32:08,114 [INFO] PluginManage:359 - Loaded plugin ddr (category:tool,tabindex:6)
2026-01-03 08:32:08,114 [INFO] PluginManage:310 - Check plugin filemanager
2026-01-03 08:32:08,204 [INFO] PluginManage:359 - Loaded plugin filemanager (category:base,tabindex:10)
2026-01-03 08:32:08,204 [INFO] PluginManage:310 - Check plugin ipmanager
2026-01-03 08:32:08,207 [INFO] PluginManage:359 - Loaded plugin ipmanager (category:base,tabindex:5)
2026-01-03 08:32:08,207 [INFO] PluginManage:310 - Check plugin lpbam
2026-01-03 08:32:08,213 [INFO] PluginManage:359 - Loaded plugin lpbam (category:base,tabindex:0)
2026-01-03 08:32:08,213 [INFO] PluginManage:310 - Check plugin memorymap
2026-01-03 08:32:08,221 [INFO] PluginManage:359 - Loaded plugin memorymap (category:base,tabindex:4)
2026-01-03 08:32:08,221 [INFO] PluginManage:310 - Check plugin pinoutandconfiguration
2026-01-03 08:32:08,227 [INFO] PluginManage:359 - Loaded plugin pinoutandconfiguration (category:base,tabindex:1)
2026-01-03 08:32:08,227 [INFO] PluginManage:310 - Check plugin pinoutconfig
2026-01-03 08:32:08,273 [WARN] SupportedApi:132 - Cannot load RTOS API schema: s4s-elt-must-match.1: The content of 'definitions' must match (annotation?, (simpleType | complexType)?, (unique | key | keyref)*)). A problem was found starting at: attribute.
2026-01-03 08:32:08,343 [INFO] PluginManage:359 - Loaded plugin pinoutconfig (category:base,tabindex:0)
2026-01-03 08:32:08,343 [INFO] PluginManage:310 - Check plugin power
2026-01-03 08:32:08,349 [INFO] PluginManage:359 - Loaded plugin power (category:power,tabindex:4)
2026-01-03 08:32:08,350 [INFO] PluginManage:310 - Check plugin projectmanager
2026-01-03 08:32:08,358 [INFO] PluginManage:359 - Loaded plugin projectmanager (category:projectmanager,tabindex:4)
2026-01-03 08:32:08,359 [INFO] PluginManage:310 - Check plugin rif
2026-01-03 08:32:08,365 [INFO] PluginManage:359 - Loaded plugin rif (category:base,tabindex:3)
2026-01-03 08:32:08,365 [INFO] PluginManage:310 - Check plugin thirdparty
2026-01-03 08:32:08,430 [INFO] PluginManage:359 - Loaded plugin thirdparty (category:base,tabindex:-1)
2026-01-03 08:32:08,431 [INFO] PluginManage:310 - Check plugin tools
2026-01-03 08:32:08,430 [WARN] IntegrityCheckThread:84 - waiting for thirdparty lock release [integrity check]
2026-01-03 08:32:08,431 [INFO] IntegrityCheckThread:86 - entering critical section [integrity check]
2026-01-03 08:32:08,431 [INFO] ThirdPartyUpdaterWithRetryManager:70 - Updater plugin not ready yet. [1/15]
2026-01-03 08:32:08,432 [INFO] PluginManage:359 - Loaded plugin tools (category:base,tabindex:7)
2026-01-03 08:32:08,432 [INFO] PluginManage:310 - Check plugin tutovideos
2026-01-03 08:32:08,537 [INFO] PluginManage:359 - Loaded plugin tutovideos (category:base,tabindex:-1)
2026-01-03 08:32:08,537 [INFO] PluginManage:310 - Check plugin updater
2026-01-03 08:32:08,553 [INFO] PluginManage:359 - Loaded plugin updater (category:base,tabindex:12)
2026-01-03 08:32:08,553 [INFO] PluginManage:310 - Check plugin userauth
2026-01-03 08:32:08,555 [INFO] UserAuth:118 - Init User Auth plugin
2026-01-03 08:32:08,556 [INFO] PluginManage:359 - Loaded plugin userauth (category:base,tabindex:14)
2026-01-03 08:32:08,556 [INFO] PluginManage:283 - PluginManage : Loaded plugins [18]
2026-01-03 08:32:08,658 [INFO] PinOutPanel:1589 - setPackage(No Configuration,No Configuration)
2026-01-03 08:32:08,696 [INFO] CADModel:165 - CPN selected for project level
2026-01-03 08:32:08,696 [INFO] CADModel:114 - Register for checkConnection events
2026-01-03 08:32:08,708 [INFO] IPUIPlugin:80 - create IPUIPlugin
2026-01-03 08:32:08,708 [INFO] PluginManager:220 - loadIPPluginJar : add adc
2026-01-03 08:32:08,710 [INFO] IPUIPlugin:80 - create IPUIPlugin
2026-01-03 08:32:08,710 [INFO] PluginManager:220 - loadIPPluginJar : add cryp
2026-01-03 08:32:08,711 [INFO] IPUIPlugin:80 - create IPUIPlugin
2026-01-03 08:32:08,711 [INFO] PluginManager:220 - loadIPPluginJar : add i3c
2026-01-03 08:32:08,714 [INFO] IPUIPlugin:80 - create IPUIPlugin
2026-01-03 08:32:08,714 [INFO] PluginManager:220 - loadIPPluginJar : add ipddr
2026-01-03 08:32:08,715 [INFO] IPUIPlugin:80 - create IPUIPlugin
2026-01-03 08:32:08,715 [INFO] PluginManager:220 - loadIPPluginJar : add radio
2026-01-03 08:32:08,716 [INFO] IPUIPlugin:80 - create IPUIPlugin
2026-01-03 08:32:08,716 [INFO] PluginManager:220 - loadIPPluginJar : add ltdc
2026-01-03 08:32:08,719 [INFO] IPUIPlugin:80 - create IPUIPlugin
2026-01-03 08:32:08,720 [INFO] PluginManager:220 - loadIPPluginJar : add stm32_wpan
2026-01-03 08:32:08,720 [INFO] IPUIPlugin:80 - create IPUIPlugin
2026-01-03 08:32:08,721 [INFO] PluginManager:220 - loadIPPluginJar : add ucpd
2026-01-03 08:32:08,721 [INFO] IPUIPlugin:80 - create IPUIPlugin
2026-01-03 08:32:08,721 [INFO] PluginManager:220 - loadIPPluginJar : add ts
2026-01-03 08:32:08,722 [INFO] IPUIPlugin:80 - create IPUIPlugin
2026-01-03 08:32:08,722 [INFO] PluginManager:220 - loadIPPluginJar : add fatfs
2026-01-03 08:32:08,724 [INFO] IPUIPlugin:80 - create IPUIPlugin
2026-01-03 08:32:08,724 [INFO] PluginManager:220 - loadIPPluginJar : add touchsensing
2026-01-03 08:32:08,728 [INFO] IPUIPlugin:80 - create IPUIPlugin
2026-01-03 08:32:08,728 [INFO] PluginManager:220 - loadIPPluginJar : add freertos
2026-01-03 08:32:08,731 [INFO] IPUIPlugin:80 - create IPUIPlugin
2026-01-03 08:32:08,731 [INFO] PluginManager:220 - loadIPPluginJar : add gpio
2026-01-03 08:32:08,733 [INFO] IPUIPlugin:80 - create IPUIPlugin
2026-01-03 08:32:08,733 [INFO] PluginManager:220 - loadIPPluginJar : add usbx
2026-01-03 08:32:08,735 [INFO] IPUIPlugin:80 - create IPUIPlugin
2026-01-03 08:32:08,735 [INFO] PluginManager:220 - loadIPPluginJar : add extmemmanager
2026-01-03 08:32:08,738 [INFO] IPUIPlugin:80 - create IPUIPlugin
2026-01-03 08:32:08,738 [INFO] PluginManager:220 - loadIPPluginJar : add dma
2026-01-03 08:32:08,740 [INFO] IPUIPlugin:80 - create IPUIPlugin
2026-01-03 08:32:08,740 [INFO] PluginManager:220 - loadIPPluginJar : add i2s
2026-01-03 08:32:08,740 [INFO] IPUIPlugin:80 - create IPUIPlugin
2026-01-03 08:32:08,741 [INFO] PluginManager:220 - loadIPPluginJar : add comp
2026-01-03 08:32:08,742 [INFO] IPUIPlugin:80 - create IPUIPlugin
2026-01-03 08:32:08,742 [INFO] PluginManager:220 - loadIPPluginJar : add gfxmmu
2026-01-03 08:32:08,743 [INFO] IPUIPlugin:80 - create IPUIPlugin
2026-01-03 08:32:08,743 [INFO] PluginManager:220 - loadIPPluginJar : add aes
2026-01-03 08:32:08,744 [INFO] IPUIPlugin:80 - create IPUIPlugin
2026-01-03 08:32:08,744 [INFO] PluginManager:220 - loadIPPluginJar : add opamp
2026-01-03 08:32:08,747 [INFO] IPUIPlugin:80 - create IPUIPlugin
2026-01-03 08:32:08,747 [INFO] PluginManager:220 - loadIPPluginJar : add fmc
2026-01-03 08:32:08,749 [INFO] IPUIPlugin:80 - create IPUIPlugin
2026-01-03 08:32:08,749 [INFO] PluginManager:220 - loadIPPluginJar : add can
2026-01-03 08:32:08,750 [INFO] IPUIPlugin:80 - create IPUIPlugin
2026-01-03 08:32:08,750 [INFO] PluginManager:220 - loadIPPluginJar : add spi
2026-01-03 08:32:08,751 [INFO] IPUIPlugin:80 - create IPUIPlugin
2026-01-03 08:32:08,751 [INFO] PluginManager:220 - loadIPPluginJar : add tim
2026-01-03 08:32:08,752 [INFO] IPUIPlugin:80 - create IPUIPlugin
2026-01-03 08:32:08,752 [INFO] PluginManager:220 - loadIPPluginJar : add genericplugin
2026-01-03 08:32:08,753 [INFO] IPUIPlugin:80 - create IPUIPlugin
2026-01-03 08:32:08,753 [INFO] PluginManager:220 - loadIPPluginJar : add usart
2026-01-03 08:32:08,756 [INFO] IPUIPlugin:80 - create IPUIPlugin
2026-01-03 08:32:08,757 [INFO] PluginManager:220 - loadIPPluginJar : add gic
2026-01-03 08:32:08,758 [INFO] IPUIPlugin:80 - create IPUIPlugin
2026-01-03 08:32:08,759 [INFO] PluginManager:220 - loadIPPluginJar : add sai
2026-01-03 08:32:08,762 [INFO] IPUIPlugin:80 - create IPUIPlugin
2026-01-03 08:32:08,762 [INFO] PluginManager:220 - loadIPPluginJar : add mdma
2026-01-03 08:32:08,764 [INFO] IPUIPlugin:80 - create IPUIPlugin
2026-01-03 08:32:08,764 [INFO] PluginManager:220 - loadIPPluginJar : add i2c
2026-01-03 08:32:08,765 [INFO] IPUIPlugin:80 - create IPUIPlugin
2026-01-03 08:32:08,766 [INFO] PluginManager:220 - loadIPPluginJar : add lorawan
2026-01-03 08:32:08,767 [INFO] IPUIPlugin:80 - create IPUIPlugin
2026-01-03 08:32:08,767 [INFO] PluginManager:220 - loadIPPluginJar : add pdm2pcm
2026-01-03 08:32:08,768 [INFO] IPUIPlugin:80 - create IPUIPlugin
2026-01-03 08:32:08,769 [INFO] PluginManager:220 - loadIPPluginJar : add openamp
2026-01-03 08:32:08,771 [INFO] IPUIPlugin:80 - create IPUIPlugin
2026-01-03 08:32:08,771 [INFO] PluginManager:220 - loadIPPluginJar : add nvic
2026-01-03 08:32:08,773 [INFO] IPUIPlugin:80 - create IPUIPlugin
2026-01-03 08:32:08,773 [INFO] PluginManager:220 - loadIPPluginJar : add ddr_ctrl_phy
2026-01-03 08:32:08,775 [INFO] IPUIPlugin:80 - create IPUIPlugin
2026-01-03 08:32:08,775 [INFO] PluginManager:220 - loadIPPluginJar : add gtzc
2026-01-03 08:32:08,775 [INFO] IPUIPlugin:80 - create IPUIPlugin
2026-01-03 08:32:08,775 [INFO] PluginManager:220 - loadIPPluginJar : add tsc
2026-01-03 08:32:08,777 [INFO] IPUIPlugin:80 - create IPUIPlugin
2026-01-03 08:32:08,778 [INFO] PluginManager:220 - loadIPPluginJar : add resmgrutility
2026-01-03 08:32:08,779 [INFO] IPUIPlugin:80 - create IPUIPlugin
2026-01-03 08:32:08,779 [INFO] PluginManager:220 - loadIPPluginJar : add dma3
2026-01-03 08:32:08,780 [INFO] IPUIPlugin:80 - create IPUIPlugin
2026-01-03 08:32:08,780 [INFO] PluginManager:220 - loadIPPluginJar : add quadspi
2026-01-03 08:32:08,785 [INFO] IPUIPlugin:80 - create IPUIPlugin
2026-01-03 08:32:08,785 [INFO] PluginManager:220 - loadIPPluginJar : add linkedlist
2026-01-03 08:32:08,789 [INFO] IPUIPlugin:80 - create IPUIPlugin
2026-01-03 08:32:08,791 [INFO] PluginManager:220 - loadIPPluginJar : add plateformsettings
2026-01-03 08:32:08,792 [INFO] IPUIPlugin:80 - create IPUIPlugin
2026-01-03 08:32:08,792 [INFO] PluginManager:220 - loadIPPluginJar : add tracer_emb
2026-01-03 08:32:08,794 [INFO] IPUIPlugin:80 - create IPUIPlugin
2026-01-03 08:32:08,794 [INFO] PluginManager:220 - loadIPPluginJar : add dfsdm
2026-01-03 08:32:08,795 [INFO] IPUIPlugin:80 - create IPUIPlugin
2026-01-03 08:32:08,795 [INFO] PluginManager:220 - loadIPPluginJar : add hash
2026-01-03 08:32:08,887 [FATAL] Updater:351 - Updater called before beeing initialized
2026-01-03 08:32:08,908 [INFO] RulesReader:64 - Compatibility file has been processed (317 Rules)
2026-01-03 08:32:08,914 [INFO] RulesReader:64 - Compatibility file has been processed (317 Rules)
2026-01-03 08:32:08,917 [INFO] CADModel:165 - CPN selected for project level
2026-01-03 08:32:08,918 [INFO] CADModel:114 - Register for checkConnection events
2026-01-03 08:32:08,918 [FATAL] Updater:351 - Updater called before beeing initialized
2026-01-03 08:32:08,918 [ERROR] CADModel:125 - Updater not yet initialized, retry later 
2026-01-03 08:32:08,990 [FATAL] Updater:351 - Updater called before beeing initialized
2026-01-03 08:32:08,991 [INFO] CADModel:165 - CPN selected for project level
2026-01-03 08:32:08,991 [INFO] CADModel:114 - Register for checkConnection events
2026-01-03 08:32:08,991 [FATAL] Updater:351 - Updater called before beeing initialized
2026-01-03 08:32:08,991 [ERROR] CADModel:125 - Updater not yet initialized, retry later 
2026-01-03 08:32:08,993 [FATAL] Updater:351 - Updater called before beeing initialized
2026-01-03 08:32:09,036 [FATAL] Updater:351 - Updater called before beeing initialized
2026-01-03 08:32:09,039 [INFO] DbMcusAds:53 - JSON generation date=Tue Dec 16 04:41:46 IST 2025 (1765840306612)
2026-01-03 08:32:09,039 [FATAL] Updater:351 - Updater called before beeing initialized
2026-01-03 08:32:09,058 [WARN] DetailPanel:346 - Failed to get advertising image, set to default
2026-01-03 08:32:09,100 [FATAL] Updater:351 - Updater called before beeing initialized
2026-01-03 08:32:09,101 [FATAL] Updater:351 - Updater called before beeing initialized
2026-01-03 08:32:09,101 [FATAL] Updater:351 - Updater called before beeing initialized
2026-01-03 08:32:09,102 [WARN] DetailPanel:346 - Failed to get advertising image, set to default
2026-01-03 08:32:09,102 [FATAL] Updater:351 - Updater called before beeing initialized
2026-01-03 08:32:09,119 [ERROR] Updater:1198 - MainUpdater not yet initialized. External WinMGr cannot be set.
2026-01-03 08:32:09,120 [INFO] Updater:1134 - Updater Version found : 6.15.0
2026-01-03 08:32:09,131 [INFO] ApplicationProperties:184 - Using Application install path: /opt/st/stm32cubeide_1.19.0/plugins/com.st.stm32cube.common.mx_6.15.0.202507011659
2026-01-03 08:32:11,432 [INFO] ThirdPartyUpdaterWithRetryManager:70 - Updater plugin not ready yet. [2/15]
2026-01-03 08:32:14,434 [FATAL] Updater:351 - Updater called before beeing initialized
2026-01-03 08:32:14,435 [ERROR] IntegrityCheckThread:130 - Cannot retrieve database content from updater: error 21
2026-01-03 08:32:14,437 [INFO] ThirdParty:978 - Integrity check success = false
2026-01-03 08:32:14,438 [INFO] IntegrityCheckThread:100 - exiting critical section [integrity check]
2026-01-03 08:32:14,438 [INFO] IntegrityCheckThread:103 - End integrity checks thread
2026-01-03 08:32:28,126 [ERROR] ConfigurationRetriever:142 - IOException on connection: sw-center.st.com
2026-01-03 08:32:28,128 [ERROR] ConfigurationRetriever:142 - IOException on connection: sw-center.st.com
2026-01-03 08:32:28,129 [ERROR] ConfigurationRetriever:142 - IOException on connection: sw-center.st.com
2026-01-03 08:32:28,130 [INFO] MainUpdater:2872 - connection check result : 22
2026-01-03 08:32:28,130 [INFO] MainUpdater:289 - Updater Check For Update Now.
2026-01-03 08:32:28,130 [INFO] MicroXplorer:498 - Change Database Version : DB.6.0.150
2026-01-03 08:32:28,134 [INFO] McuFinderGlobals:63 - Set McuFinder mode to 2 (CubeIDE integrated)
2026-01-03 08:32:28,135 [INFO] UserAuth:487 - Internet connection configuration mode: 2
2026-01-03 08:32:28,138 [INFO] UserAuth:487 - Internet connection configuration mode: 2
2026-01-03 08:32:28,301 [INFO] CheckServerUpdateThread:120 - End of CheckServer Thread
2026-01-03 08:33:14,124 [ERROR] ConfigurationRetriever:142 - IOException on connection: sw-center.st.com
2026-01-03 08:33:14,125 [ERROR] ConfigurationRetriever:142 - IOException on connection: sw-center.st.com
2026-01-03 08:33:14,125 [ERROR] ConfigurationRetriever:142 - IOException on connection: sw-center.st.com
